[1105/120358.372:ERROR:directory_reader_win.cc(43)] FindFirstFile: The system cannot find the path specified. (0x3)
[1105/153805.912:ERROR:process_memory_win.cc(73)] ReadMemory at 0x74194000 of 40 bytes failed: Only part of a ReadProcessMemory or WriteProcessMemory request was completed. (0x12B)
[1105/153806.494:WARNING:pe_image_reader.cc(113)] could not read crashpad info from C:\Program Files (x86)\Google\Chrome\Application\86.0.4240.183\chrome_elf.dll
[1105/153806.494:ERROR:process_memory_win.cc(73)] ReadMemory at 0x75010000 of 64 bytes failed: Only part of a ReadProcessMemory or WriteProcessMemory request was completed. (0x12B)
[1105/153806.494:WARNING:pe_image_reader.cc(340)] could not read dos header from C:\Windows\SYSTEM32\VERSION.dll
[1105/153806.494:ERROR:process_memory_win.cc(73)] ReadMemory at 0x76a90000 of 64 bytes failed: Only part of a ReadProcessMemory or WriteProcessMemory request was completed. (0x12B)
[1105/153806.494:WARNING:pe_image_reader.cc(340)] could not read dos header from C:\Windows\SYSTEM32\msvcrt.dll
[1105/153806.494:ERROR:process_memory_win.cc(73)] ReadMemory at 0x750d0000 of 64 bytes failed: Only part of a ReadProcessMemory or WriteProcessMemory request was completed. (0x12B)
[1105/153806.494:WARNING:pe_image_reader.cc(340)] could not read dos header from C:\Windows\SYSTEM32\bcryptPrimitives.dll
[1105/153806.494:ERROR:process_memory_win.cc(73)] ReadMemory at 0x75610000 of 64 bytes failed: Only part of a ReadProcessMemory or WriteProcessMemory request was completed. (0x12B)
[1105/153806.494:WARNING:pe_image_reader.cc(340)] could not read dos header from C:\Windows\SYSTEM32\ADVAPI32.dll
[1105/153806.494:ERROR:process_memory_win.cc(73)] ReadMemory at 0x756a0000 of 64 bytes failed: Only part of a ReadProcessMemory or WriteProcessMemory request was completed. (0x12B)
[1105/153806.494:WARNING:pe_image_reader.cc(340)] could not read dos header from C:\Windows\SYSTEM32\sechost.dll
[1105/153806.494:ERROR:process_memory_win.cc(73)] ReadMemory at 0x76d60000 of 64 bytes failed: Only part of a ReadProcessMemory or WriteProcessMemory request was completed. (0x12B)
[1105/153806.495:WARNING:pe_image_reader.cc(340)] could not read dos header from C:\Windows\SYSTEM32\RPCRT4.dll
[1105/153806.495:ERROR:process_memory_win.cc(73)] ReadMemory at 0x774f0000 of 64 bytes failed: Only part of a ReadProcessMemory or WriteProcessMemory request was completed. (0x12B)
[1105/153806.495:WARNING:pe_image_reader.cc(340)] could not read dos header from C:\Windows\SYSTEM32\SspiCli.dll
[1105/153806.495:ERROR:process_memory_win.cc(73)] ReadMemory at 0x75130000 of 64 bytes failed: Only part of a ReadProcessMemory or WriteProcessMemory request was completed. (0x12B)
[1105/153806.495:WARNING:pe_image_reader.cc(340)] could not read dos header from C:\Windows\SYSTEM32\CRYPTBASE.dll
[1105/153806.495:ERROR:process_memory_win.cc(73)] ReadMemory at 0x6b310000 of 64 bytes failed: Only part of a ReadProcessMemory or WriteProcessMemory request was completed. (0x12B)
[1105/153806.495:WARNING:pe_image_reader.cc(340)] could not read dos header from C:\Program Files (x86)\Google\Chrome\Application\86.0.4240.183\chrome.dll
[1105/153806.495:ERROR:process_memory_win.cc(73)] ReadMemory at 0x73df0000 of 64 bytes failed: Only part of a ReadProcessMemory or WriteProcessMemory request was completed. (0x12B)
[1105/153806.495:WARNING:pe_image_reader.cc(340)] could not read dos header from C:\Windows\SYSTEM32\dbghelp.dll
[1105/153806.495:ERROR:process_memory_win.cc(73)] ReadMemory at 0x776c0000 of 64 bytes failed: Only part of a ReadProcessMemory or WriteProcessMemory request was completed. (0x12B)
[1105/153806.495:WARNING:pe_image_reader.cc(340)] could not read dos header from C:\Windows\SYSTEM32\WS2_32.dll
[1105/153806.495:ERROR:process_memory_win.cc(73)] ReadMemory at 0x74cb0000 of 64 bytes failed: Only part of a ReadProcessMemory or WriteProcessMemory request was completed. (0x12B)
[1105/153806.495:WARNING:pe_image_reader.cc(340)] could not read dos header from C:\Windows\SYSTEM32\IPHLPAPI.DLL
[1105/153806.495:ERROR:process_memory_win.cc(73)] ReadMemory at 0x76b60000 of 64 bytes failed: Only part of a ReadProcessMemory or WriteProcessMemory request was completed. (0x12B)
[1105/153806.839:WARNING:pe_image_reader.cc(340)] could not read dos header from C:\Windows\SYSTEM32\OLEAUT32.dll
[1105/153806.839:ERROR:process_memory_win.cc(73)] ReadMemory at 0x74cd0000 of 64 bytes failed: Only part of a ReadProcessMemory or WriteProcessMemory request was completed. (0x12B)
[1105/153806.839:WARNING:pe_image_reader.cc(340)] could not read dos header from C:\Windows\SYSTEM32\WINMM.dll
[1105/153806.840:ERROR:process_memory_win.cc(73)] ReadMemory at 0x73770000 of 64 bytes failed: Only part of a ReadProcessMemory or WriteProcessMemory request was completed. (0x12B)
[1105/153806.840:WARNING:pe_image_reader.cc(340)] could not read dos header from C:\Windows\SYSTEM32\UIAutomationCore.DLL
[1105/153806.840:ERROR:process_memory_win.cc(73)] ReadMemory at 0x74d70000 of 64 bytes failed: Only part of a ReadProcessMemory or WriteProcessMemory request was completed. (0x12B)
[1105/153806.840:WARNING:pe_image_reader.cc(340)] could not read dos header from C:\Windows\SYSTEM32\Secur32.dll
[1105/153806.841:ERROR:process_memory_win.cc(73)] ReadMemory at 0x74d00000 of 64 bytes failed: Only part of a ReadProcessMemory or WriteProcessMemory request was completed. (0x12B)
[1105/153806.841:WARNING:pe_image_reader.cc(340)] could not read dos header from C:\Windows\SYSTEM32\USERENV.dll
[1105/153806.841:ERROR:process_memory_win.cc(73)] ReadMemory at 0x75150000 of 64 bytes failed: Only part of a ReadProcessMemory or WriteProcessMemory request was completed. (0x12B)
[1105/153806.841:WARNING:pe_image_reader.cc(340)] could not read dos header from C:\Windows\SYSTEM32\WINTRUST.dll
[1105/153806.842:ERROR:process_memory_win.cc(73)] ReadMemory at 0x75340000 of 64 bytes failed: Only part of a ReadProcessMemory or WriteProcessMemory request was completed. (0x12B)
[1105/153806.842:WARNING:pe_image_reader.cc(340)] could not read dos header from C:\Windows\SYSTEM32\CRYPT32.dll
[1105/153806.842:ERROR:process_memory_win.cc(73)] ReadMemory at 0x6b180000 of 64 bytes failed: Only part of a ReadProcessMemory or WriteProcessMemory request was completed. (0x12B)
[1105/153806.842:WARNING:pe_image_reader.cc(340)] could not read dos header from C:\Windows\SYSTEM32\DWrite.dll
[1105/153806.843:ERROR:process_memory_win.cc(73)] ReadMemory at 0x73d80000 of 64 bytes failed: Only part of a ReadProcessMemory or WriteProcessMemory request was completed. (0x12B)
[1105/153806.843:WARNING:pe_image_reader.cc(340)] could not read dos header from C:\Windows\SYSTEM32\WINSPOOL.DRV
[1105/153806.843:ERROR:process_memory_win.cc(73)] ReadMemory at 0x73360000 of 64 bytes failed: Only part of a ReadProcessMemory or WriteProcessMemory request was completed. (0x12B)
[1105/153806.843:WARNING:pe_image_reader.cc(340)] could not read dos header from C:\Windows\SYSTEM32\WINHTTP.dll
[1105/153806.844:ERROR:process_memory_win.cc(73)] ReadMemory at 0x73600000 of 64 bytes failed: Only part of a ReadProcessMemory or WriteProcessMemory request was completed. (0x12B)
[1105/153806.844:WARNING:pe_image_reader.cc(340)] could not read dos header from C:\Windows\SYSTEM32\dhcpcsvc.DLL
[1105/153806.844:ERROR:process_memory_win.cc(73)] ReadMemory at 0x77240000 of 64 bytes failed: Only part of a ReadProcessMemory or WriteProcessMemory request was completed. (0x12B)
[1105/153806.845:WARNING:pe_image_reader.cc(340)] could not read dos header from C:\Windows\SYSTEM32\NSI.dll
[1105/153806.845:ERROR:process_memory_win.cc(73)] ReadMemory at 0x74c00000 of 64 bytes failed: Only part of a ReadProcessMemory or WriteProcessMemory request was completed. (0x12B)
[1105/153806.845:WARNING:pe_image_reader.cc(340)] could not read dos header from C:\Windows\SYSTEM32\WINNSI.DLL
[1105/153806.845:ERROR:process_memory_win.cc(73)] ReadMemory at 0x77260000 of 64 bytes failed: Only part of a ReadProcessMemory or WriteProcessMemory request was completed. (0x12B)
[1105/153806.846:WARNING:pe_image_reader.cc(340)] could not read dos header from C:\Windows\SYSTEM32\combase.dll
[1105/153806.846:ERROR:process_memory_win.cc(73)] ReadMemory at 0x74c10000 of 64 bytes failed: Only part of a ReadProcessMemory or WriteProcessMemory request was completed. (0x12B)
[1105/153806.883:WARNING:pe_image_reader.cc(340)] could not read dos header from C:\Windows\SYSTEM32\WINMMBASE.dll
[1105/153806.884:ERROR:process_memory_win.cc(73)] ReadMemory at 0x77710000 of 64 bytes failed: Only part of a ReadProcessMemory or WriteProcessMemory request was completed. (0x12B)
[1105/153806.884:WARNING:pe_image_reader.cc(340)] could not read dos header from C:\Windows\SYSTEM32\USER32.dll
[1105/153806.884:ERROR:process_memory_win.cc(73)] ReadMemory at 0x74c40000 of 64 bytes failed: Only part of a ReadProcessMemory or WriteProcessMemory request was completed. (0x12B)
[1105/153806.884:WARNING:pe_image_reader.cc(340)] could not read dos header from C:\Windows\SYSTEM32\profapi.dll
[1105/153806.885:ERROR:process_memory_win.cc(73)] ReadMemory at 0x75140000 of 64 bytes failed: Only part of a ReadProcessMemory or WriteProcessMemory request was completed. (0x12B)
[1105/153806.885:WARNING:pe_image_reader.cc(340)] could not read dos header from C:\Windows\SYSTEM32\MSASN1.dll
[1105/153806.885:ERROR:process_memory_win.cc(73)] ReadMemory at 0x769b0000 of 64 bytes failed: Only part of a ReadProcessMemory or WriteProcessMemory request was completed. (0x12B)
[1105/153806.885:WARNING:pe_image_reader.cc(340)] could not read dos header from C:\Windows\SYSTEM32\cfgmgr32.dll
[1105/153806.886:ERROR:process_memory_win.cc(73)] ReadMemory at 0x74b80000 of 64 bytes failed: Only part of a ReadProcessMemory or WriteProcessMemory request was completed. (0x12B)
[1105/153806.886:WARNING:pe_image_reader.cc(340)] could not read dos header from C:\Windows\SYSTEM32\DEVOBJ.dll
[1105/153806.886:ERROR:process_memory_win.cc(73)] ReadMemory at 0x773e0000 of 64 bytes failed: Only part of a ReadProcessMemory or WriteProcessMemory request was completed. (0x12B)
[1105/153806.886:WARNING:pe_image_reader.cc(340)] could not read dos header from C:\Windows\SYSTEM32\GDI32.dll
[1105/153806.887:ERROR:process_memory_win.cc(73)] ReadMemory at 0x76ce0000 of 64 bytes failed: Only part of a ReadProcessMemory or WriteProcessMemory request was completed. (0x12B)
[1105/153806.887:WARNING:pe_image_reader.cc(340)] could not read dos header from C:\Windows\system32\IMM32.DLL
[1105/153806.887:ERROR:process_memory_win.cc(73)] ReadMemory at 0x75190000 of 64 bytes failed: Only part of a ReadProcessMemory or WriteProcessMemory request was completed. (0x12B)
[1105/153806.888:WARNING:pe_image_reader.cc(340)] could not read dos header from C:\Windows\SYSTEM32\MSCTF.dll
[1105/153806.927:ERROR:process_memory_win.cc(73)] ReadMemory at 0x22d000 of 12288 bytes failed: Only part of a ReadProcessMemory or WriteProcessMemory request was completed. (0x12B)
[1105/153806.927:ERROR:process_memory_win.cc(73)] ReadMemory at 0xfef000 of 4096 bytes failed: Only part of a ReadProcessMemory or WriteProcessMemory request was completed. (0x12B)
[1105/153806.928:ERROR:process_memory_win.cc(73)] ReadMemory at 0x624000 of 412 bytes failed: Only part of a ReadProcessMemory or WriteProcessMemory request was completed. (0x12B)
[1105/153807.054:ERROR:process_memory_win.cc(73)] ReadMemory at 0x6405c8 of 4224 bytes failed: Only part of a ReadProcessMemory or WriteProcessMemory request was completed. (0x12B)
[1105/153807.080:ERROR:process_memory_win.cc(73)] ReadMemory at 0x641650 of 660 bytes failed: Only part of a ReadProcessMemory or WriteProcessMemory request was completed. (0x12B)
[1105/153807.080:ERROR:process_memory_win.cc(73)] ReadMemory at 0x641af8 of 118 bytes failed: Only part of a ReadProcessMemory or WriteProcessMemory request was completed. (0x12B)
[1105/153807.282:ERROR:process_memory_win.cc(73)] ReadMemory at 0x641b70 of 634 bytes failed: Only part of a ReadProcessMemory or WriteProcessMemory request was completed. (0x12B)
[1105/153807.282:ERROR:process_memory_win.cc(73)] ReadMemory at 0x641dec of 118 bytes failed: Only part of a ReadProcessMemory or WriteProcessMemory request was completed. (0x12B)
[1105/153807.283:ERROR:process_memory_win.cc(73)] ReadMemory at 0x641e64 of 98 bytes failed: Only part of a ReadProcessMemory or WriteProcessMemory request was completed. (0x12B)
[1105/153807.283:ERROR:process_memory_win.cc(73)] ReadMemory at 0x642f58 of 58 bytes failed: Only part of a ReadProcessMemory or WriteProcessMemory request was completed. (0x12B)
[1105/153807.284:ERROR:process_memory_win.cc(73)] ReadMemory at 0x643048 of 72 bytes failed: Only part of a ReadProcessMemory or WriteProcessMemory request was completed. (0x12B)
[1105/153807.298:ERROR:process_memory_win.cc(73)] ReadMemory at 0x643128 of 72 bytes failed: Only part of a ReadProcessMemory or WriteProcessMemory request was completed. (0x12B)
[1105/153807.299:ERROR:process_memory_win.cc(73)] ReadMemory at 0x643258 of 126 bytes failed: Only part of a ReadProcessMemory or WriteProcessMemory request was completed. (0x12B)
[1105/153807.300:ERROR:process_memory_win.cc(73)] ReadMemory at 0x643580 of 64 bytes failed: Only part of a ReadProcessMemory or WriteProcessMemory request was completed. (0x12B)
[1105/153807.370:ERROR:process_memory_win.cc(73)] ReadMemory at 0x6435d0 of 72 bytes failed: Only part of a ReadProcessMemory or WriteProcessMemory request was completed. (0x12B)
[1105/153807.370:ERROR:process_memory_win.cc(73)] ReadMemory at 0x6436d8 of 154 bytes failed: Only part of a ReadProcessMemory or WriteProcessMemory request was completed. (0x12B)
[1105/153807.370:ERROR:process_memory_win.cc(73)] ReadMemory at 0x6437b8 of 68 bytes failed: Only part of a ReadProcessMemory or WriteProcessMemory request was completed. (0x12B)
[1105/153807.370:ERROR:process_memory_win.cc(73)] ReadMemory at 0x643808 of 72 bytes failed: Only part of a ReadProcessMemory or WriteProcessMemory request was completed. (0x12B)
[1105/153807.370:ERROR:process_memory_win.cc(73)] ReadMemory at 0x643fd8 of 72 bytes failed: Only part of a ReadProcessMemory or WriteProcessMemory request was completed. (0x12B)
[1105/153807.448:ERROR:process_memory_win.cc(73)] ReadMemory at 0x6440b8 of 72 bytes failed: Only part of a ReadProcessMemory or WriteProcessMemory request was completed. (0x12B)
[1105/153807.463:ERROR:process_memory_win.cc(73)] ReadMemory at 0x644178 of 62 bytes failed: Only part of a ReadProcessMemory or WriteProcessMemory request was completed. (0x12B)
[1105/153807.463:ERROR:process_memory_win.cc(73)] ReadMemory at 0x644370 of 60 bytes failed: Only part of a ReadProcessMemory or WriteProcessMemory request was completed. (0x12B)
[1105/153807.463:ERROR:process_memory_win.cc(73)] ReadMemory at 0x644448 of 72 bytes failed: Only part of a ReadProcessMemory or WriteProcessMemory request was completed. (0x12B)
[1105/153807.463:ERROR:process_memory_win.cc(73)] ReadMemory at 0x6504c8 of 64 bytes failed: Only part of a ReadProcessMemory or WriteProcessMemory request was completed. (0x12B)
[1105/153807.463:ERROR:process_memory_win.cc(73)] ReadMemory at 0x650690 of 66 bytes failed: Only part of a ReadProcessMemory or WriteProcessMemory request was completed. (0x12B)
[1105/153807.463:ERROR:process_memory_win.cc(73)] ReadMemory at 0x650758 of 146 bytes failed: Only part of a ReadProcessMemory or WriteProcessMemory request was completed. (0x12B)
[1105/153807.463:ERROR:process_memory_win.cc(73)] ReadMemory at 0x6507f8 of 64 bytes failed: Only part of a ReadProcessMemory or WriteProcessMemory request was completed. (0x12B)
[1105/153807.463:ERROR:process_memory_win.cc(73)] ReadMemory at 0x650848 of 64 bytes failed: Only part of a ReadProcessMemory or WriteProcessMemory request was completed. (0x12B)
[1105/153807.463:ERROR:process_memory_win.cc(73)] ReadMemory at 0x650b50 of 64 bytes failed: Only part of a ReadProcessMemory or WriteProcessMemory request was completed. (0x12B)
[1105/153807.495:ERROR:process_memory_win.cc(73)] ReadMemory at 0x6518c0 of 80 bytes failed: Only part of a ReadProcessMemory or WriteProcessMemory request was completed. (0x12B)
[1105/153807.495:ERROR:process_memory_win.cc(73)] ReadMemory at 0x651920 of 72 bytes failed: Only part of a ReadProcessMemory or WriteProcessMemory request was completed. (0x12B)
[1105/153807.495:ERROR:process_memory_win.cc(73)] ReadMemory at 0x6519c8 of 64 bytes failed: Only part of a ReadProcessMemory or WriteProcessMemory request was completed. (0x12B)
[1105/153808.133:ERROR:process_memory_win.cc(73)] ReadMemory at 0x652580 of 54 bytes failed: Only part of a ReadProcessMemory or WriteProcessMemory request was completed. (0x12B)
[1105/153808.133:ERROR:process_memory_win.cc(73)] ReadMemory at 0x652ab0 of 80 bytes failed: Only part of a ReadProcessMemory or WriteProcessMemory request was completed. (0x12B)
[1105/153808.134:ERROR:process_memory_win.cc(73)] ReadMemory at 0x653408 of 72 bytes failed: Only part of a ReadProcessMemory or WriteProcessMemory request was completed. (0x12B)
[1105/153808.134:ERROR:process_memory_win.cc(73)] ReadMemory at 0x6534b0 of 72 bytes failed: Only part of a ReadProcessMemory or WriteProcessMemory request was completed. (0x12B)
[1105/153808.135:ERROR:process_memory_win.cc(73)] ReadMemory at 0x653600 of 72 bytes failed: Only part of a ReadProcessMemory or WriteProcessMemory request was completed. (0x12B)
[1105/153808.135:ERROR:process_memory_win.cc(73)] ReadMemory at 0x6536a8 of 72 bytes failed: Only part of a ReadProcessMemory or WriteProcessMemory request was completed. (0x12B)
[1105/153808.136:ERROR:process_memory_win.cc(73)] ReadMemory at 0x653750 of 72 bytes failed: Only part of a ReadProcessMemory or WriteProcessMemory request was completed. (0x12B)
[1105/153808.153:ERROR:process_memory_win.cc(73)] ReadMemory at 0x6537f8 of 72 bytes failed: Only part of a ReadProcessMemory or WriteProcessMemory request was completed. (0x12B)
[1105/153808.329:ERROR:process_memory_win.cc(73)] ReadMemory at 0x6538a0 of 72 bytes failed: Only part of a ReadProcessMemory or WriteProcessMemory request was completed. (0x12B)
[1105/153808.330:ERROR:process_memory_win.cc(73)] ReadMemory at 0x653948 of 72 bytes failed: Only part of a ReadProcessMemory or WriteProcessMemory request was completed. (0x12B)
[1105/153808.349:ERROR:process_memory_win.cc(73)] ReadMemory at 0x6539f0 of 72 bytes failed: Only part of a ReadProcessMemory or WriteProcessMemory request was completed. (0x12B)
[1105/153808.349:ERROR:process_memory_win.cc(73)] ReadMemory at 0x653a98 of 72 bytes failed: Only part of a ReadProcessMemory or WriteProcessMemory request was completed. (0x12B)
[1105/153808.350:ERROR:process_memory_win.cc(73)] ReadMemory at 0x653b40 of 72 bytes failed: Only part of a ReadProcessMemory or WriteProcessMemory request was completed. (0x12B)
[1105/153808.350:ERROR:process_memory_win.cc(73)] ReadMemory at 0x653be8 of 72 bytes failed: Only part of a ReadProcessMemory or WriteProcessMemory request was completed. (0x12B)
[1105/153808.375:ERROR:process_memory_win.cc(73)] ReadMemory at 0x653c90 of 72 bytes failed: Only part of a ReadProcessMemory or WriteProcessMemory request was completed. (0x12B)
[1105/153808.375:ERROR:process_memory_win.cc(73)] ReadMemory at 0x653d38 of 72 bytes failed: Only part of a ReadProcessMemory or WriteProcessMemory request was completed. (0x12B)
[1105/153808.376:ERROR:process_memory_win.cc(73)] ReadMemory at 0x653de0 of 72 bytes failed: Only part of a ReadProcessMemory or WriteProcessMemory request was completed. (0x12B)
[1105/153808.376:ERROR:process_memory_win.cc(73)] ReadMemory at 0x653e88 of 72 bytes failed: Only part of a ReadProcessMemory or WriteProcessMemory request was completed. (0x12B)
[1105/153808.377:ERROR:process_memory_win.cc(73)] ReadMemory at 0x653f30 of 72 bytes failed: Only part of a ReadProcessMemory or WriteProcessMemory request was completed. (0x12B)
[1105/153808.377:ERROR:process_memory_win.cc(73)] ReadMemory at 0x653fd8 of 72 bytes failed: Only part of a ReadProcessMemory or WriteProcessMemory request was completed. (0x12B)
[1105/153808.659:ERROR:process_memory_win.cc(73)] ReadMemory at 0x654080 of 72 bytes failed: Only part of a ReadProcessMemory or WriteProcessMemory request was completed. (0x12B)
[1105/153808.659:ERROR:process_memory_win.cc(73)] ReadMemory at 0x6541d0 of 72 bytes failed: Only part of a ReadProcessMemory or WriteProcessMemory request was completed. (0x12B)
[1105/153808.660:ERROR:process_memory_win.cc(73)] ReadMemory at 0x654278 of 72 bytes failed: Only part of a ReadProcessMemory or WriteProcessMemory request was completed. (0x12B)
[1105/153808.699:ERROR:process_memory_win.cc(73)] ReadMemory at 0x654320 of 72 bytes failed: Only part of a ReadProcessMemory or WriteProcessMemory request was completed. (0x12B)
[1105/153808.699:ERROR:process_memory_win.cc(73)] ReadMemory at 0x654518 of 66 bytes failed: Only part of a ReadProcessMemory or WriteProcessMemory request was completed. (0x12B)
[1105/153808.699:ERROR:process_memory_win.cc(73)] ReadMemory at 0x654630 of 62 bytes failed: Only part of a ReadProcessMemory or WriteProcessMemory request was completed. (0x12B)
[1105/153808.781:ERROR:process_memory_win.cc(73)] ReadMemory at 0x654678 of 62 bytes failed: Only part of a ReadProcessMemory or WriteProcessMemory request was completed. (0x12B)
[1105/153808.821:ERROR:process_memory_win.cc(73)] ReadMemory at 0x6546c0 of 62 bytes failed: Only part of a ReadProcessMemory or WriteProcessMemory request was completed. (0x12B)
[1105/153808.822:ERROR:process_memory_win.cc(73)] ReadMemory at 0x654750 of 58 bytes failed: Only part of a ReadProcessMemory or WriteProcessMemory request was completed. (0x12B)
[1105/153808.833:ERROR:process_memory_win.cc(73)] ReadMemory at 0x6547e0 of 62 bytes failed: Only part of a ReadProcessMemory or WriteProcessMemory request was completed. (0x12B)
[1105/153808.833:ERROR:process_memory_win.cc(73)] ReadMemory at 0x654828 of 62 bytes failed: Only part of a ReadProcessMemory or WriteProcessMemory request was completed. (0x12B)
[1105/153808.834:ERROR:process_memory_win.cc(73)] ReadMemory at 0x654870 of 60 bytes failed: Only part of a ReadProcessMemory or WriteProcessMemory request was completed. (0x12B)
[1105/153808.834:ERROR:process_memory_win.cc(73)] ReadMemory at 0x654948 of 62 bytes failed: Only part of a ReadProcessMemory or WriteProcessMemory request was completed. (0x12B)
[1105/153808.835:ERROR:process_memory_win.cc(73)] ReadMemory at 0x654990 of 60 bytes failed: Only part of a ReadProcessMemory or WriteProcessMemory request was completed. (0x12B)
[1105/153808.847:ERROR:process_memory_win.cc(73)] ReadMemory at 0x6549d8 of 60 bytes failed: Only part of a ReadProcessMemory or WriteProcessMemory request was completed. (0x12B)
[1105/153808.847:ERROR:process_memory_win.cc(73)] ReadMemory at 0x654a20 of 62 bytes failed: Only part of a ReadProcessMemory or WriteProcessMemory request was completed. (0x12B)
[1105/153808.857:ERROR:process_memory_win.cc(73)] ReadMemory at 0x654a68 of 60 bytes failed: Only part of a ReadProcessMemory or WriteProcessMemory request was completed. (0x12B)
[1105/153808.857:ERROR:process_memory_win.cc(73)] ReadMemory at 0x654ab0 of 60 bytes failed: Only part of a ReadProcessMemory or WriteProcessMemory request was completed. (0x12B)
[1105/153808.858:ERROR:process_memory_win.cc(73)] ReadMemory at 0x654af8 of 62 bytes failed: Only part of a ReadProcessMemory or WriteProcessMemory request was completed. (0x12B)
[1105/153808.982:ERROR:process_memory_win.cc(73)] ReadMemory at 0x654b40 of 60 bytes failed: Only part of a ReadProcessMemory or WriteProcessMemory request was completed. (0x12B)
[1105/153809.171:ERROR:process_memory_win.cc(73)] ReadMemory at 0x654b88 of 60 bytes failed: Only part of a ReadProcessMemory or WriteProcessMemory request was completed. (0x12B)
[1105/153809.172:ERROR:process_memory_win.cc(73)] ReadMemory at 0x654bd0 of 58 bytes failed: Only part of a ReadProcessMemory or WriteProcessMemory request was completed. (0x12B)
[1105/153809.172:ERROR:process_memory_win.cc(73)] ReadMemory at 0x654c18 of 58 bytes failed: Only part of a ReadProcessMemory or WriteProcessMemory request was completed. (0x12B)
[1105/153809.173:ERROR:process_memory_win.cc(73)] ReadMemory at 0x654ca8 of 62 bytes failed: Only part of a ReadProcessMemory or WriteProcessMemory request was completed. (0x12B)
[1105/153809.173:ERROR:process_memory_win.cc(73)] ReadMemory at 0x654d38 of 58 bytes failed: Only part of a ReadProcessMemory or WriteProcessMemory request was completed. (0x12B)
[1105/153809.174:ERROR:process_memory_win.cc(73)] ReadMemory at 0x654dc8 of 64 bytes failed: Only part of a ReadProcessMemory or WriteProcessMemory request was completed. (0x12B)
[1105/153809.225:ERROR:process_memory_win.cc(73)] ReadMemory at 0x6577f0 of 72 bytes failed: Only part of a ReadProcessMemory or WriteProcessMemory request was completed. (0x12B)
[1105/153809.226:ERROR:process_memory_win.cc(73)] ReadMemory at 0x657898 of 72 bytes failed: Only part of a ReadProcessMemory or WriteProcessMemory request was completed. (0x12B)
[1105/153809.226:ERROR:process_memory_win.cc(73)] ReadMemory at 0x6579e8 of 72 bytes failed: Only part of a ReadProcessMemory or WriteProcessMemory request was completed. (0x12B)
[1105/153809.226:ERROR:process_memory_win.cc(73)] ReadMemory at 0x657be0 of 72 bytes failed: Only part of a ReadProcessMemory or WriteProcessMemory request was completed. (0x12B)
[1105/153809.227:ERROR:process_memory_win.cc(73)] ReadMemory at 0x657c88 of 72 bytes failed: Only part of a ReadProcessMemory or WriteProcessMemory request was completed. (0x12B)
[1105/153809.227:ERROR:process_memory_win.cc(73)] ReadMemory at 0x657dd8 of 72 bytes failed: Only part of a ReadProcessMemory or WriteProcessMemory request was completed. (0x12B)
[1105/153809.472:ERROR:process_memory_win.cc(73)] ReadMemory at 0x658120 of 72 bytes failed: Only part of a ReadProcessMemory or WriteProcessMemory request was completed. (0x12B)
[1105/153809.531:ERROR:process_memory_win.cc(73)] ReadMemory at 0x6581c8 of 72 bytes failed: Only part of a ReadProcessMemory or WriteProcessMemory request was completed. (0x12B)
[1105/153809.531:ERROR:process_memory_win.cc(73)] ReadMemory at 0x658270 of 72 bytes failed: Only part of a ReadProcessMemory or WriteProcessMemory request was completed. (0x12B)
[1105/153809.531:ERROR:process_memory_win.cc(73)] ReadMemory at 0x658900 of 72 bytes failed: Only part of a ReadProcessMemory or WriteProcessMemory request was completed. (0x12B)
[1105/153809.531:ERROR:process_memory_win.cc(73)] ReadMemory at 0x65a440 of 64 bytes failed: Only part of a ReadProcessMemory or WriteProcessMemory request was completed. (0x12B)
[1105/153809.531:ERROR:process_memory_win.cc(73)] ReadMemory at 0x740fece0 of 512 bytes failed: Only part of a ReadProcessMemory or WriteProcessMemory request was completed. (0x12B)
[1105/153809.778:ERROR:process_memory_win.cc(73)] ReadMemory at 0x740ff2d0 of 512 bytes failed: Only part of a ReadProcessMemory or WriteProcessMemory request was completed. (0x12B)
[1105/153810.184:ERROR:process_memory_win.cc(73)] ReadMemory at 0x7798c2bc of 512 bytes failed: Only part of a ReadProcessMemory or WriteProcessMemory request was completed. (0x12B)
[1105/153810.185:ERROR:process_memory_win.cc(73)] ReadMemory at 0x779ae9ac of 18 bytes failed: Only part of a ReadProcessMemory or WriteProcessMemory request was completed. (0x12B)
[1105/153810.204:ERROR:process_memory_win.cc(73)] ReadMemory at 0x77a501e0 of 36 bytes failed: Only part of a ReadProcessMemory or WriteProcessMemory request was completed. (0x12B)
[1105/153810.205:ERROR:process_memory_win.cc(73)] ReadMemory at 0x77a5076c of 24 bytes failed: Only part of a ReadProcessMemory or WriteProcessMemory request was completed. (0x12B)
[1105/153810.205:ERROR:process_memory_win.cc(73)] ReadMemory at 0x77a50934 of 32 bytes failed: Only part of a ReadProcessMemory or WriteProcessMemory request was completed. (0x12B)
[1105/153810.206:ERROR:process_memory_win.cc(73)] ReadMemory at 0xffc74000 of 560 bytes failed: Only part of a ReadProcessMemory or WriteProcessMemory request was completed. (0x12B)
[1105/153810.206:ERROR:process_memory_win.cc(73)] ReadMemory at 0xffc7b000 of 3992 bytes failed: Only part of a ReadProcessMemory or WriteProcessMemory request was completed. (0x12B)
[1105/153810.206:ERROR:process_memory_win.cc(73)] ReadMemory at 0xffc7e000 of 3992 bytes failed: Only part of a ReadProcessMemory or WriteProcessMemory request was completed. (0x12B)
[1105/153811.247:ERROR:scoped_process_suspend.cc(40)] NtResumeProcess: An attempt was made to access an exiting process. (0xc000010a)
[1105/155209.729:ERROR:directory_reader_win.cc(43)] FindFirstFile: The system cannot find the path specified. (0x3)
